<?xml version="1.0" encoding="utf-8" ?>
<!DOCTYPE html PUBLIC "-//W3C//DTD XHTML 1.0 Strict//EN"
        "http://www.w3.org/TR/xhtml1/DTD/xhtml1-strict.dtd">
<html xmlns="http://www.w3.org/1999/xhtml" xml:lang="" lang="">
<head>
  <title>Test Results Report - chrome</title>
  <meta http-equiv="Content-Type" content="text/html;charset=utf-8" />
  <meta name="description" content="TestNG unit test results." />
  <link href="reportng.css" rel="stylesheet" type="text/css" />
    <script type="text/javascript" src="reportng.js"></script>
</head>
<body>
<h1>chrome</h1>
<p>
  Test duration: 122.168s
</p>



  <table class="resultsTable">
    <tr><th colspan="3" class="header failed">Failed Tests</th></tr>
          <tr>
        <td colspan="3" class="group">com.trantor.suppliermanagementtest.AddASupplierAddressTest</td>
      </tr>
            
<tr>
  <td class="method">
                  login
      </td>
  <td class="duration">
    16.494s
  </td>
  <td class="result">
        
    
            <div class="testOutput">
                        Test login Failure - Screen Capture Begin
<br>
                                outputFolder : D:\AutomationApp\public\html<br>
                                outFilename  : loginCHANY.png<br>
                                <img src="loginCHANY.png"><br>
                                End of Screen Capture on Failure<br>
                  </div>
    

        <a href="javascript:toggleElement('exception-0', 'block')" title="Click to expand/collapse"><b>java.lang.AssertionError: User is not able to login successfuly</b></a><br />
    <div class="stackTrace" id="exception-0">
              org.junit.Assert.fail(Assert.java:88)<br />
              org.junit.Assert.assertTrue(Assert.java:41)<br />
              org.trantor.ems.Login_Test.Validlogin(Login_Test.java:31)<br />
              com.trantor.suppliermanagementtest.AddASupplierAddressTest.login(AddASupplierAddressTest.java:42)<br />
              sun.reflect.NativeMethodAccessorImpl.invoke0(Native Method)<br />
              sun.reflect.NativeMethodAccessorImpl.invoke(NativeMethodAccessorImpl.java:62)<br />
              sun.reflect.DelegatingMethodAccessorImpl.invoke(DelegatingMethodAccessorImpl.java:43)<br />
              java.lang.reflect.Method.invoke(Method.java:498)<br />
              org.testng.internal.MethodInvocationHelper.invokeMethod(MethodInvocationHelper.java:84)<br />
              org.testng.internal.Invoker.invokeMethod(Invoker.java:714)<br />
              org.testng.internal.Invoker.invokeTestMethod(Invoker.java:901)<br />
              org.testng.internal.Invoker.invokeTestMethods(Invoker.java:1231)<br />
              org.testng.internal.TestMethodWorker.invokeTestMethods(TestMethodWorker.java:127)<br />
              org.testng.internal.TestMethodWorker.run(TestMethodWorker.java:111)<br />
              org.testng.TestRunner.privateRun(TestRunner.java:767)<br />
              org.testng.TestRunner.run(TestRunner.java:617)<br />
              org.testng.SuiteRunner.runTest(SuiteRunner.java:348)<br />
              org.testng.SuiteRunner.runSequentially(SuiteRunner.java:343)<br />
              org.testng.SuiteRunner.privateRun(SuiteRunner.java:305)<br />
              org.testng.SuiteRunner.run(SuiteRunner.java:254)<br />
              org.testng.SuiteRunnerWorker.runSuite(SuiteRunnerWorker.java:52)<br />
              org.testng.SuiteRunnerWorker.run(SuiteRunnerWorker.java:86)<br />
              org.testng.TestNG.runSuitesSequentially(TestNG.java:1224)<br />
              org.testng.TestNG.runSuitesLocally(TestNG.java:1149)<br />
              org.testng.TestNG.run(TestNG.java:1057)<br />
              org.apache.maven.surefire.testng.TestNGExecutor.run(TestNGExecutor.java:295)<br />
              org.apache.maven.surefire.testng.TestNGXmlTestSuite.execute(TestNGXmlTestSuite.java:84)<br />
              org.apache.maven.surefire.testng.TestNGProvider.invoke(TestNGProvider.java:90)<br />
              org.apache.maven.surefire.booter.ForkedBooter.invokeProviderInSameClassLoader(ForkedBooter.java:203)<br />
              org.apache.maven.surefire.booter.ForkedBooter.runSuitesInProcess(ForkedBooter.java:155)<br />
              org.apache.maven.surefire.booter.ForkedBooter.main(ForkedBooter.java:103)<br />
                </div>
      </td>
</tr>
          <tr>
        <td colspan="3" class="group">com.trantor.suppliermanagementtest.AddASupplierCertificatesTest</td>
      </tr>
            
<tr>
  <td class="method">
                  login
      </td>
  <td class="duration">
    16.482s
  </td>
  <td class="result">
        
    
            <div class="testOutput">
                        Test login Failure - Screen Capture Begin
<br>
                                outputFolder : D:\AutomationApp\public\html<br>
                                outFilename  : loginCHANY.png<br>
                                <img src="loginCHANY.png"><br>
                                End of Screen Capture on Failure<br>
                  </div>
    

        <a href="javascript:toggleElement('exception-1', 'block')" title="Click to expand/collapse"><b>java.lang.AssertionError: User is not able to login successfuly</b></a><br />
    <div class="stackTrace" id="exception-1">
              org.junit.Assert.fail(Assert.java:88)<br />
              org.junit.Assert.assertTrue(Assert.java:41)<br />
              org.trantor.ems.Login_Test.Validlogin(Login_Test.java:31)<br />
              com.trantor.suppliermanagementtest.AddASupplierCertificatesTest.login(AddASupplierCertificatesTest.java:47)<br />
              sun.reflect.NativeMethodAccessorImpl.invoke0(Native Method)<br />
              sun.reflect.NativeMethodAccessorImpl.invoke(NativeMethodAccessorImpl.java:62)<br />
              sun.reflect.DelegatingMethodAccessorImpl.invoke(DelegatingMethodAccessorImpl.java:43)<br />
              java.lang.reflect.Method.invoke(Method.java:498)<br />
              org.testng.internal.MethodInvocationHelper.invokeMethod(MethodInvocationHelper.java:84)<br />
              org.testng.internal.Invoker.invokeMethod(Invoker.java:714)<br />
              org.testng.internal.Invoker.invokeTestMethod(Invoker.java:901)<br />
              org.testng.internal.Invoker.invokeTestMethods(Invoker.java:1231)<br />
              org.testng.internal.TestMethodWorker.invokeTestMethods(TestMethodWorker.java:127)<br />
              org.testng.internal.TestMethodWorker.run(TestMethodWorker.java:111)<br />
              org.testng.TestRunner.privateRun(TestRunner.java:767)<br />
              org.testng.TestRunner.run(TestRunner.java:617)<br />
              org.testng.SuiteRunner.runTest(SuiteRunner.java:348)<br />
              org.testng.SuiteRunner.runSequentially(SuiteRunner.java:343)<br />
              org.testng.SuiteRunner.privateRun(SuiteRunner.java:305)<br />
              org.testng.SuiteRunner.run(SuiteRunner.java:254)<br />
              org.testng.SuiteRunnerWorker.runSuite(SuiteRunnerWorker.java:52)<br />
              org.testng.SuiteRunnerWorker.run(SuiteRunnerWorker.java:86)<br />
              org.testng.TestNG.runSuitesSequentially(TestNG.java:1224)<br />
              org.testng.TestNG.runSuitesLocally(TestNG.java:1149)<br />
              org.testng.TestNG.run(TestNG.java:1057)<br />
              org.apache.maven.surefire.testng.TestNGExecutor.run(TestNGExecutor.java:295)<br />
              org.apache.maven.surefire.testng.TestNGXmlTestSuite.execute(TestNGXmlTestSuite.java:84)<br />
              org.apache.maven.surefire.testng.TestNGProvider.invoke(TestNGProvider.java:90)<br />
              org.apache.maven.surefire.booter.ForkedBooter.invokeProviderInSameClassLoader(ForkedBooter.java:203)<br />
              org.apache.maven.surefire.booter.ForkedBooter.runSuitesInProcess(ForkedBooter.java:155)<br />
              org.apache.maven.surefire.booter.ForkedBooter.main(ForkedBooter.java:103)<br />
                </div>
      </td>
</tr>
          <tr>
        <td colspan="3" class="group">com.trantor.suppliermanagementtest.AddASupplierIndustryTest</td>
      </tr>
            
<tr>
  <td class="method">
                  Login
      </td>
  <td class="duration">
    16.484s
  </td>
  <td class="result">
        
    
            <div class="testOutput">
                        Test Login Failure - Screen Capture Begin
<br>
                                outputFolder : D:\AutomationApp\public\html<br>
                                outFilename  : LoginCHANY.png<br>
                                <img src="LoginCHANY.png"><br>
                                End of Screen Capture on Failure<br>
                  </div>
    

        <a href="javascript:toggleElement('exception-2', 'block')" title="Click to expand/collapse"><b>java.lang.AssertionError: User is not able to login successfuly</b></a><br />
    <div class="stackTrace" id="exception-2">
              org.junit.Assert.fail(Assert.java:88)<br />
              org.junit.Assert.assertTrue(Assert.java:41)<br />
              org.trantor.ems.Login_Test.Validlogin(Login_Test.java:31)<br />
              com.trantor.suppliermanagementtest.AddASupplierIndustryTest.Login(AddASupplierIndustryTest.java:48)<br />
              sun.reflect.NativeMethodAccessorImpl.invoke0(Native Method)<br />
              sun.reflect.NativeMethodAccessorImpl.invoke(NativeMethodAccessorImpl.java:62)<br />
              sun.reflect.DelegatingMethodAccessorImpl.invoke(DelegatingMethodAccessorImpl.java:43)<br />
              java.lang.reflect.Method.invoke(Method.java:498)<br />
              org.testng.internal.MethodInvocationHelper.invokeMethod(MethodInvocationHelper.java:84)<br />
              org.testng.internal.Invoker.invokeMethod(Invoker.java:714)<br />
              org.testng.internal.Invoker.invokeTestMethod(Invoker.java:901)<br />
              org.testng.internal.Invoker.invokeTestMethods(Invoker.java:1231)<br />
              org.testng.internal.TestMethodWorker.invokeTestMethods(TestMethodWorker.java:127)<br />
              org.testng.internal.TestMethodWorker.run(TestMethodWorker.java:111)<br />
              org.testng.TestRunner.privateRun(TestRunner.java:767)<br />
              org.testng.TestRunner.run(TestRunner.java:617)<br />
              org.testng.SuiteRunner.runTest(SuiteRunner.java:348)<br />
              org.testng.SuiteRunner.runSequentially(SuiteRunner.java:343)<br />
              org.testng.SuiteRunner.privateRun(SuiteRunner.java:305)<br />
              org.testng.SuiteRunner.run(SuiteRunner.java:254)<br />
              org.testng.SuiteRunnerWorker.runSuite(SuiteRunnerWorker.java:52)<br />
              org.testng.SuiteRunnerWorker.run(SuiteRunnerWorker.java:86)<br />
              org.testng.TestNG.runSuitesSequentially(TestNG.java:1224)<br />
              org.testng.TestNG.runSuitesLocally(TestNG.java:1149)<br />
              org.testng.TestNG.run(TestNG.java:1057)<br />
              org.apache.maven.surefire.testng.TestNGExecutor.run(TestNGExecutor.java:295)<br />
              org.apache.maven.surefire.testng.TestNGXmlTestSuite.execute(TestNGXmlTestSuite.java:84)<br />
              org.apache.maven.surefire.testng.TestNGProvider.invoke(TestNGProvider.java:90)<br />
              org.apache.maven.surefire.booter.ForkedBooter.invokeProviderInSameClassLoader(ForkedBooter.java:203)<br />
              org.apache.maven.surefire.booter.ForkedBooter.runSuitesInProcess(ForkedBooter.java:155)<br />
              org.apache.maven.surefire.booter.ForkedBooter.main(ForkedBooter.java:103)<br />
                </div>
      </td>
</tr>
          <tr>
        <td colspan="3" class="group">com.trantor.suppliermanagementtest.SupplierManagementTest</td>
      </tr>
            
<tr>
  <td class="method">
                  login
      </td>
  <td class="duration">
    16.556s
  </td>
  <td class="result">
        
    
            <div class="testOutput">
                        Test login Failure - Screen Capture Begin
<br>
                                outputFolder : D:\AutomationApp\public\html<br>
                                outFilename  : loginCHANY.png<br>
                                <img src="loginCHANY.png"><br>
                                End of Screen Capture on Failure<br>
                  </div>
    

        <a href="javascript:toggleElement('exception-3', 'block')" title="Click to expand/collapse"><b>java.lang.AssertionError: User is not able to login successfuly</b></a><br />
    <div class="stackTrace" id="exception-3">
              org.junit.Assert.fail(Assert.java:88)<br />
              org.junit.Assert.assertTrue(Assert.java:41)<br />
              org.trantor.ems.Login_Test.Validlogin(Login_Test.java:31)<br />
              com.trantor.suppliermanagementtest.SupplierManagementTest.login(SupplierManagementTest.java:42)<br />
              sun.reflect.NativeMethodAccessorImpl.invoke0(Native Method)<br />
              sun.reflect.NativeMethodAccessorImpl.invoke(NativeMethodAccessorImpl.java:62)<br />
              sun.reflect.DelegatingMethodAccessorImpl.invoke(DelegatingMethodAccessorImpl.java:43)<br />
              java.lang.reflect.Method.invoke(Method.java:498)<br />
              org.testng.internal.MethodInvocationHelper.invokeMethod(MethodInvocationHelper.java:84)<br />
              org.testng.internal.Invoker.invokeMethod(Invoker.java:714)<br />
              org.testng.internal.Invoker.invokeTestMethod(Invoker.java:901)<br />
              org.testng.internal.Invoker.invokeTestMethods(Invoker.java:1231)<br />
              org.testng.internal.TestMethodWorker.invokeTestMethods(TestMethodWorker.java:127)<br />
              org.testng.internal.TestMethodWorker.run(TestMethodWorker.java:111)<br />
              org.testng.TestRunner.privateRun(TestRunner.java:767)<br />
              org.testng.TestRunner.run(TestRunner.java:617)<br />
              org.testng.SuiteRunner.runTest(SuiteRunner.java:348)<br />
              org.testng.SuiteRunner.runSequentially(SuiteRunner.java:343)<br />
              org.testng.SuiteRunner.privateRun(SuiteRunner.java:305)<br />
              org.testng.SuiteRunner.run(SuiteRunner.java:254)<br />
              org.testng.SuiteRunnerWorker.runSuite(SuiteRunnerWorker.java:52)<br />
              org.testng.SuiteRunnerWorker.run(SuiteRunnerWorker.java:86)<br />
              org.testng.TestNG.runSuitesSequentially(TestNG.java:1224)<br />
              org.testng.TestNG.runSuitesLocally(TestNG.java:1149)<br />
              org.testng.TestNG.run(TestNG.java:1057)<br />
              org.apache.maven.surefire.testng.TestNGExecutor.run(TestNGExecutor.java:295)<br />
              org.apache.maven.surefire.testng.TestNGXmlTestSuite.execute(TestNGXmlTestSuite.java:84)<br />
              org.apache.maven.surefire.testng.TestNGProvider.invoke(TestNGProvider.java:90)<br />
              org.apache.maven.surefire.booter.ForkedBooter.invokeProviderInSameClassLoader(ForkedBooter.java:203)<br />
              org.apache.maven.surefire.booter.ForkedBooter.runSuitesInProcess(ForkedBooter.java:155)<br />
              org.apache.maven.surefire.booter.ForkedBooter.main(ForkedBooter.java:103)<br />
                </div>
      </td>
</tr>
          <tr>
        <td colspan="3" class="group">com.trantor.vendormanagement.VenderManagementTest</td>
      </tr>
            
<tr>
  <td class="method">
                  login
      </td>
  <td class="duration">
    17.356s
  </td>
  <td class="result">
        
    
            <div class="testOutput">
                        Test login Failure - Screen Capture Begin
<br>
                                outputFolder : D:\AutomationApp\public\html<br>
                                outFilename  : loginCHANY.png<br>
                                <img src="loginCHANY.png"><br>
                                End of Screen Capture on Failure<br>
                  </div>
    

        <a href="javascript:toggleElement('exception-4', 'block')" title="Click to expand/collapse"><b>java.lang.AssertionError: User is not able to login successfuly</b></a><br />
    <div class="stackTrace" id="exception-4">
              org.junit.Assert.fail(Assert.java:88)<br />
              org.junit.Assert.assertTrue(Assert.java:41)<br />
              org.trantor.ems.Login_Test.Validlogin(Login_Test.java:31)<br />
              com.trantor.vendormanagement.VenderManagementTest.login(VenderManagementTest.java:30)<br />
              sun.reflect.NativeMethodAccessorImpl.invoke0(Native Method)<br />
              sun.reflect.NativeMethodAccessorImpl.invoke(NativeMethodAccessorImpl.java:62)<br />
              sun.reflect.DelegatingMethodAccessorImpl.invoke(DelegatingMethodAccessorImpl.java:43)<br />
              java.lang.reflect.Method.invoke(Method.java:498)<br />
              org.testng.internal.MethodInvocationHelper.invokeMethod(MethodInvocationHelper.java:84)<br />
              org.testng.internal.Invoker.invokeMethod(Invoker.java:714)<br />
              org.testng.internal.Invoker.invokeTestMethod(Invoker.java:901)<br />
              org.testng.internal.Invoker.invokeTestMethods(Invoker.java:1231)<br />
              org.testng.internal.TestMethodWorker.invokeTestMethods(TestMethodWorker.java:127)<br />
              org.testng.internal.TestMethodWorker.run(TestMethodWorker.java:111)<br />
              org.testng.TestRunner.privateRun(TestRunner.java:767)<br />
              org.testng.TestRunner.run(TestRunner.java:617)<br />
              org.testng.SuiteRunner.runTest(SuiteRunner.java:348)<br />
              org.testng.SuiteRunner.runSequentially(SuiteRunner.java:343)<br />
              org.testng.SuiteRunner.privateRun(SuiteRunner.java:305)<br />
              org.testng.SuiteRunner.run(SuiteRunner.java:254)<br />
              org.testng.SuiteRunnerWorker.runSuite(SuiteRunnerWorker.java:52)<br />
              org.testng.SuiteRunnerWorker.run(SuiteRunnerWorker.java:86)<br />
              org.testng.TestNG.runSuitesSequentially(TestNG.java:1224)<br />
              org.testng.TestNG.runSuitesLocally(TestNG.java:1149)<br />
              org.testng.TestNG.run(TestNG.java:1057)<br />
              org.apache.maven.surefire.testng.TestNGExecutor.run(TestNGExecutor.java:295)<br />
              org.apache.maven.surefire.testng.TestNGXmlTestSuite.execute(TestNGXmlTestSuite.java:84)<br />
              org.apache.maven.surefire.testng.TestNGProvider.invoke(TestNGProvider.java:90)<br />
              org.apache.maven.surefire.booter.ForkedBooter.invokeProviderInSameClassLoader(ForkedBooter.java:203)<br />
              org.apache.maven.surefire.booter.ForkedBooter.runSuitesInProcess(ForkedBooter.java:155)<br />
              org.apache.maven.surefire.booter.ForkedBooter.main(ForkedBooter.java:103)<br />
                </div>
      </td>
</tr>
      </table>

  <table class="resultsTable" width="100%">
    <tr><th colspan="3" class="header skipped">Skipped Tests</th></tr>
          <tr>
        <td colspan="3" class="group">com.trantor.suppliermanagementtest.AddASupplierAddressTest</td>
      </tr>
            
<tr>
  <td class="method">
                  VerifyAddNewSupplierAddress
      </td>
  <td class="duration">
    0.000s
  </td>
  <td class="result">
                             <i>Depends on method(s): </i>
        <span class="dependency">com.trantor.suppliermanagementtest.AddASupplierAddressTest.VerifySupplierAddressPage</span>
                
    
        

      </td>
</tr>
<tr>
  <td class="method">
                  VerifySupplierAddressPage
      </td>
  <td class="duration">
    0.000s
  </td>
  <td class="result">
                             <i>Depends on method(s): </i>
        <span class="dependency">com.trantor.suppliermanagementtest.AddASupplierAddressTest.login</span>
                
    
        

      </td>
</tr>
          <tr>
        <td colspan="3" class="group">com.trantor.suppliermanagementtest.AddASupplierCertificatesTest</td>
      </tr>
            
<tr>
  <td class="method">
                  SaveCertificate
      </td>
  <td class="duration">
    0.000s
  </td>
  <td class="result">
                             <i>Depends on method(s): </i>
        <span class="dependency">com.trantor.suppliermanagementtest.AddASupplierCertificatesTest.VerifySupplierCertificatesPage</span>
                
    
        

      </td>
</tr>
<tr>
  <td class="method">
                  VerifySupplierCertificatesPage
      </td>
  <td class="duration">
    0.000s
  </td>
  <td class="result">
                             <i>Depends on method(s): </i>
        <span class="dependency">com.trantor.suppliermanagementtest.AddASupplierCertificatesTest.login</span>
                
    
        

      </td>
</tr>
          <tr>
        <td colspan="3" class="group">com.trantor.suppliermanagementtest.AddASupplierIndustryTest</td>
      </tr>
            
<tr>
  <td class="method">
                  VerifyAddNewIndustry
      </td>
  <td class="duration">
    0.000s
  </td>
  <td class="result">
                             <i>Depends on method(s): </i>
        <span class="dependency">com.trantor.suppliermanagementtest.AddASupplierIndustryTest.VerifySupplierIndustryPage</span>
                
    
        

      </td>
</tr>
<tr>
  <td class="method">
                  VerifyCancelbuttonDeleteIndustry
      </td>
  <td class="duration">
    0.000s
  </td>
  <td class="result">
                             <i>Depends on method(s): </i>
        <span class="dependency">com.trantor.suppliermanagementtest.AddASupplierIndustryTest.VerifyAddNewIndustry</span>
                
    
        

      </td>
</tr>
<tr>
  <td class="method">
                  VerifyDeleteIndustry
      </td>
  <td class="duration">
    0.000s
  </td>
  <td class="result">
                             <i>Depends on method(s): </i>
        <span class="dependency">com.trantor.suppliermanagementtest.AddASupplierIndustryTest.VerifyCancelbuttonDeleteIndustry</span>
                
    
        

      </td>
</tr>
<tr>
  <td class="method">
                  VerifySupplierIndustryPage
      </td>
  <td class="duration">
    0.000s
  </td>
  <td class="result">
                             <i>Depends on method(s): </i>
        <span class="dependency">com.trantor.suppliermanagementtest.AddASupplierIndustryTest.Login</span>
                
    
        

      </td>
</tr>
          <tr>
        <td colspan="3" class="group">com.trantor.suppliermanagementtest.SupplierManagementTest</td>
      </tr>
            
<tr>
  <td class="method">
                  VerifyUpdateVenderProfilePage
      </td>
  <td class="duration">
    0.000s
  </td>
  <td class="result">
                             <i>Depends on method(s): </i>
        <span class="dependency">com.trantor.suppliermanagementtest.SupplierManagementTest.VerifyVenderProfilePage</span>
                
    
        

      </td>
</tr>
<tr>
  <td class="method">
                  VerifyVenderProfilePage
      </td>
  <td class="duration">
    0.000s
  </td>
  <td class="result">
                             <i>Depends on method(s): </i>
        <span class="dependency">com.trantor.suppliermanagementtest.SupplierManagementTest.login</span>
                
    
        

      </td>
</tr>
          <tr>
        <td colspan="3" class="group">com.trantor.vendormanagement.VenderManagementTest</td>
      </tr>
            
<tr>
  <td class="method">
                  VerifyAddNewProfilePage
      </td>
  <td class="duration">
    0.000s
  </td>
  <td class="result">
                             <i>Depends on method(s): </i>
        <span class="dependency">com.trantor.vendormanagement.VenderManagementTest.VerifySupplierManagementMenuPage</span>
                
    
        

      </td>
</tr>
<tr>
  <td class="method">
                  VerifyPrsimDashBoardPage
      </td>
  <td class="duration">
    0.000s
  </td>
  <td class="result">
                             <i>Depends on method(s): </i>
        <span class="dependency">com.trantor.vendormanagement.VenderManagementTest.login</span>
                
    
        

      </td>
</tr>
<tr>
  <td class="method">
                  VerifySupplierManagementMenuPage
      </td>
  <td class="duration">
    0.000s
  </td>
  <td class="result">
                             <i>Depends on method(s): </i>
        <span class="dependency">com.trantor.vendormanagement.VenderManagementTest.VerifyPrsimDashBoardPage</span>
                
    
        

      </td>
</tr>
      </table>

  <table class="resultsTable">
    <tr><th colspan="3" class="header passed">Passed Tests</th></tr>
          <tr>
        <td colspan="3" class="group">com.trantor.suppliermanagementtest.AddASupplierAddressTest</td>
      </tr>
            
<tr>
  <td class="method">
                  initialize
      </td>
  <td class="duration">
    0.003s
  </td>
  <td class="result">
        
    
            <div class="testOutput">
                        Test initialize Test has been Passed
<br>
                  </div>
    

      </td>
</tr>
          <tr>
        <td colspan="3" class="group">com.trantor.suppliermanagementtest.AddASupplierCertificatesTest</td>
      </tr>
            
<tr>
  <td class="method">
                  Initialize
      </td>
  <td class="duration">
    0.003s
  </td>
  <td class="result">
        
    
            <div class="testOutput">
                        Test Initialize Test has been Passed
<br>
                  </div>
    

      </td>
</tr>
          <tr>
        <td colspan="3" class="group">com.trantor.suppliermanagementtest.AddASupplierIndustryTest</td>
      </tr>
            
<tr>
  <td class="method">
                  Initialize
      </td>
  <td class="duration">
    0.001s
  </td>
  <td class="result">
        
    
            <div class="testOutput">
                        Test Initialize Test has been Passed
<br>
                  </div>
    

      </td>
</tr>
          <tr>
        <td colspan="3" class="group">com.trantor.suppliermanagementtest.SupplierManagementTest</td>
      </tr>
            
<tr>
  <td class="method">
                  Initialize
      </td>
  <td class="duration">
    0.005s
  </td>
  <td class="result">
        
    
            <div class="testOutput">
                        Test Initialize Test has been Passed
<br>
                  </div>
    

      </td>
</tr>
          <tr>
        <td colspan="3" class="group">com.trantor.vendormanagement.VenderManagementTest</td>
      </tr>
            
<tr>
  <td class="method">
                  Initialize
      </td>
  <td class="duration">
    0.083s
  </td>
  <td class="result">
        
    
            <div class="testOutput">
                        Test Initialize Test has been Passed
<br>
                  </div>
    

      </td>
</tr>
      </table>
  
</body>
</html>
