-------------------------------------------------------------------------------
Test set: TestSuite
-------------------------------------------------------------------------------
Tests run: 5, Failures: 1, Errors: 0, Skipped: 3, Time elapsed: 14.84 sec <<< FAILURE! - in TestSuite
login(com.trantor.vendormanagement.VenderManagementTest)  Time elapsed: 2.016 sec  <<< FAILURE!
org.openqa.selenium.NoSuchElementException: no such element
  (Session info: chrome=46.0.2490.86)
  (Driver info: chromedriver=2.9.248315,platform=Windows NT 6.1 SP1 x86_64) (WARNING: The server did not provide any stacktrace information)
Command duration or timeout: 20 milliseconds
For documentation on this error, please visit: http://seleniumhq.org/exceptions/no_such_element.html
Build info: version: '2.48.2', revision: '41bccdd10cf2c0560f637404c2d96164b67d9d67', time: '2015-10-09 13:08:06'
System info: host: 'Trantor321', ip: '192.168.172.197', os.name: 'Windows 7', os.arch: 'amd64', os.version: '6.1', java.version: '1.7.0_60'
*** Element info: {Using=id, value=ucLogon_txtUserID}
Session ID: 3d3322445d3a0b345865c6c91bb66b7e
Driver info: org.openqa.selenium.chrome.ChromeDriver
Capabilities [{platform=XP, acceptSslCerts=true, javascriptEnabled=true, browserName=chrome, chrome={userDataDir=C:\Users\KARAN~1.AHU\AppData\Local\Temp\scoped_dir5924_17882}, rotatable=false, locationContextEnabled=true, version=46.0.2490.86, takesHeapSnapshot=true, cssSelectorsEnabled=true, databaseEnabled=false, handlesAlerts=true, browserConnectionEnabled=false, webStorageEnabled=true, nativeEvents=true, applicationCacheEnabled=false, takesScreenshot=true}]
	at sun.reflect.NativeConstructorAccessorImpl.newInstance0(Native Method)
	at sun.reflect.NativeConstructorAccessorImpl.newInstance(NativeConstructorAccessorImpl.java:57)
	at sun.reflect.DelegatingConstructorAccessorImpl.newInstance(DelegatingConstructorAccessorImpl.java:45)
	at java.lang.reflect.Constructor.newInstance(Constructor.java:526)
	at org.openqa.selenium.remote.ErrorHandler.createThrowable(ErrorHandler.java:206)
	at org.openqa.selenium.remote.ErrorHandler.throwIfResponseFailed(ErrorHandler.java:158)
	at org.openqa.selenium.remote.RemoteWebDriver.execute(RemoteWebDriver.java:647)
	at org.openqa.selenium.remote.RemoteWebDriver.findElement(RemoteWebDriver.java:353)
	at org.openqa.selenium.remote.RemoteWebDriver.findElementById(RemoteWebDriver.java:403)
	at org.openqa.selenium.By$ById.findElement(By.java:218)
	at org.openqa.selenium.remote.RemoteWebDriver.findElement(RemoteWebDriver.java:345)
	at com.trantor.test.common.SeleniumJavaScriptExecutor.ScrollToElement(SeleniumJavaScriptExecutor.java:25)
	at com.trantor.test.common.ActionDriver.safeSendKey(ActionDriver.java:254)
	at com.trantor.login.Login.username(Login.java:20)
	at org.trantor.ems.Login_Test.Validlogin(Login_Test.java:19)
	at com.trantor.vendormanagement.VenderManagementTest.login(VenderManagementTest.java:30)

